CustomerServiceApplication/proguard/seeds.txt
com.google.android.gms.internal.zzpd
com.google.android.gms.internal.zzpd: java.lang.String zzVT
com.google.android.gms.internal.zzpd: int zzaLt
com.google.android.gms.internal.zzpd: int zzAD
com.google.android.gms.internal.zzpd: int zzAE
com.google.android.gms.internal.zzpd: int zzaLu
com.google.android.gms.internal.zzpd: int zzaLv
com.google.android.gms.internal.zzpd: zzpd()
com.google.android.gms.internal.zzpd: void zza(com.google.android.gms.internal.zzpd)
com.google.android.gms.internal.zzpd: java.lang.String toString()
com.google.android.gms.internal.zzpd: int zzyA()
com.google.android.gms.internal.zzpd: void zzhW(int)
com.google.android.gms.internal.zzpd: int zzyB()
com.google.android.gms.internal.zzpd: void zzhX(int)
com.google.android.gms.internal.zzpd: int zzyC()
com.google.android.gms.internal.zzpd: void zzhY(int)
com.google.android.gms.internal.zzpd: int zzyD()
com.google.android.gms.internal.zzpd: void zzhZ(int)
com.google.android.gms.internal.zzpd: int zzyE()
com.google.android.gms.internal.zzpd: void zzia(int)
com.google.android.gms.internal.zzpd: java.lang.String getLanguage()
com.google.android.gms.internal.zzpd: void setLanguage(java.lang.String)
com.google.android.gms.internal.zzpd: void zza(com.google.android.gms.measurement.zze)
com.google.android.gms.internal.zzpe
com.google.android.gms.internal.zzpe: java.util.List zzLL
com.google.android.gms.internal.zzpe: java.util.List zzLK
com.google.android.gms.internal.zzpe: java.util.Map zzLJ
com.google.android.gms.internal.zzpe: com.google.android.gms.analytics.ecommerce.ProductAction zzLI
com.google.android.gms.internal.zzpe: zzpe()
com.google.android.gms.internal.zzpe: com.google.android.gms.analytics.ecommerce.ProductAction zzyF()
com.google.android.gms.internal.zzpe: void zza(com.google.android.gms.internal.zzpe)
com.google.android.gms.internal.zzpe: java.lang.String toString()
com.google.android.gms.internal.zzpe: java.util.List zzyG()
com.google.android.gms.internal.zzpe: void zza(com.google.android.gms.analytics.ecommerce.Product,java.lang.String)
com.google.android.gms.internal.zzpe: java.util.Map zzyH()
com.google.android.gms.internal.zzpe: java.util.List zzyI()
com.google.android.gms.internal.zzpe: void zza(com.google.android.gms.measurement.zze)
com.google.android.gms.internal.zzpf
com.google.android.gms.internal.zzpf: java.lang.String mCategory
com.google.android.gms.internal.zzpf: java.lang.String zzPp
com.google.android.gms.internal.zzpf: java.lang.String zzaLw
com.google.android.gms.internal.zzpf: long zzavc
com.google.android.gms.internal.zzpf: zzpf()
com.google.android.gms.internal.zzpf: void zza(com.google.android.gms.internal.zzpf)
com.google.android.gms.internal.zzpf: java.lang.String toString()
com.google.android.gms.internal.zzpf: java.lang.String zzyJ()
com.google.android.gms.internal.zzpf: void zzdQ(java.lang.String)
com.google.android.gms.internal.zzpf: java.lang.String getAction()
com.google.android.gms.internal.zzpf: void zzdR(java.lang.String)
com.google.android.gms.internal.zzpf: java.lang.String getLabel()
com.google.android.gms.internal.zzpf: void zzdS(java.lang.String)
com.google.android.gms.internal.zzpf: long getValue()
com.google.android.gms.internal.zzpf: void zzM(long)
com.google.android.gms.internal.zzpf: void zza(com.google.android.gms.measurement.zze)