CustomerServiceApplication/proguard/mapping.txt
com.ttl.customersocialapp.VehicleDetails_Fragment$11 -> com.ttl.customersocialapp.oq:
    com.ttl.customersocialapp.VehicleDetails_Fragment this$0 -> a
    boolean onKey(android.view.View,int,android.view.KeyEvent) -> onKey
com.ttl.customersocialapp.VehicleDetails_Fragment$12 -> com.ttl.customersocialapp.or:
    com.ttl.customersocialapp.VehicleDetails_Fragment this$0 -> a
    void onResponseReceive(java.lang.Object) -> a
    void onErrorReceive(java.lang.String) -> a
com.ttl.customersocialapp.VehicleDetails_Fragment$2 -> com.ttl.customersocialapp.os:
    com.ttl.customersocialapp.VehicleDetails_Fragment this$0 -> a
    boolean onGroupClick(android.widget.ExpandableListView,android.view.View,int,long) -> onGroupClick
com.ttl.customersocialapp.VehicleDetails_Fragment$3 -> com.ttl.customersocialapp.ot:
    com.ttl.customersocialapp.VehicleDetails_Fragment this$0 -> a
    boolean onGroupClick(android.widget.ExpandableListView,android.view.View,int,long) -> onGroupClick
com.ttl.customersocialapp.VehicleDetails_Fragment$4 -> com.ttl.customersocialapp.ou:
    com.ttl.customersocialapp.VehicleDetails_Fragment this$0 -> a
    void onItemSelected(android.widget.AdapterView,android.view.View,int,long) -> onItemSelected
    void onNothingSelected(android.widget.AdapterView) -> onNothingSelected
    com.ttl.customersocialapp.VehicleDetails_Fragment access$0(com.ttl.customersocialapp.VehicleDetails_Fragment$4) -> a
com.ttl.customersocialapp.VehicleDetails_Fragment$4$1 -> com.ttl.customersocialapp.ov:
    com.ttl.customersocialapp.VehicleDetails_Fragment$4 this$1 -> a
    void onClick(android.view.View) -> onClick
com.ttl.customersocialapp.VehicleDetails_Fragment$4$2 -> com.ttl.customersocialapp.ow:
    com.ttl.customersocialapp.VehicleDetails_Fragment$4 this$1 -> a
    void onClick(android.view.View) -> onClick
com.ttl.customersocialapp.VehicleDetails_Fragment$4$3 -> com.ttl.customersocialapp.ox:
    int previousGroup -> a
    com.ttl.customersocialapp.VehicleDetails_Fragment$4 this$1 -> b
    void onGroupExpand(int) -> onGroupExpand
com.ttl.customersocialapp.VehicleDetails_Fragment$4$4 -> com.ttl.customersocialapp.oy:
    int previousGroup -> a
    com.ttl.customersocialapp.VehicleDetails_Fragment$4 this$1 -> b
    void onGroupExpand(int) -> onGroupExpand
com.ttl.customersocialapp.VehicleDetails_Fragment$5 -> com.ttl.customersocialapp.oz:
    com.ttl.customersocialapp.VehicleDetails_Fragment this$0 -> a
    void onClick(android.view.View) -> onClick
com.ttl.customersocialapp.VehicleDetails_Fragment$6 -> com.ttl.customersocialapp.pa:
    com.ttl.customersocialapp.VehicleDetails_Fragment this$0 -> a
    void onClick(android.view.View) -> onClick
com.ttl.customersocialapp.VehicleDetails_Fragment$7 -> com.ttl.customersocialapp.pb:
    com.ttl.customersocialapp.VehicleDetails_Fragment this$0 -> a
    void onClick(android.view.View) -> onClick
com.ttl.customersocialapp.VehicleDetails_Fragment$8 -> com.ttl.customersocialapp.pc:
    com.ttl.customersocialapp.VehicleDetails_Fragment this$0 -> a
    void onClick(android.view.View) -> onClick
com.ttl.customersocialapp.VehicleDetails_Fragment$9 -> com.ttl.customersocialapp.pd:
    com.ttl.customersocialapp.VehicleDetails_Fragment this$0 -> a
    void onClick(android.view.View) -> onClick