CustomerServiceApplication/proguard/usage.txt
com.ttl.model.NavDrawerItem:
    18:23:public NavDrawerItem(java.lang.String,int,boolean,java.lang.String)
    42:43:public void setTitle(java.lang.String)
    46:47:public void setIcon(int)
    50:51:public void setCount(java.lang.String)
    54:55:public void setCounterVisibility(boolean)
com.ttl.model.ProductBroucher:
    17:22:public ProductBroucher(java.lang.String,java.lang.String,java.lang.String,java.lang.String)
    65:65:public java.lang.String getCreated_at()
com.ttl.model.ReminderContract:
    11:13:public ReminderContract()
com.ttl.model.ReminderContract$Reminder:
    public static final java.lang.String COLUMN_NAME_REMINDER_ID
    public static final java.lang.String COLUMN_NAME_REMINDER_VNUMBER
    public static final java.lang.String COLUMN_NAME_REGISTRATION_VTYPE
    public static final java.lang.String COLUMN_NAME_VEHICLE_REMINDER_DATE
    public static final java.lang.String COLUMN_NAME_VEHICLE_REMINDER_TIME
    16:16:public ReminderContract$Reminder()
com.ttl.model.Reminder_Data
com.ttl.model.ServiceBookingUser:
    50:50:public java.lang.String getAddress()
    74:74:public java.lang.String getPPL()
com.ttl.model.ServiceComplaintDesc:
    17:17:public java.lang.String getDESC_TEXT()
com.ttl.model.ServiceHandler:
    public static final int GET
    public static final int POST
com.ttl.model.ServiceHistory:
    public android.widget.ListView lst_complaintJC
    22:22:public java.lang.String getORDER_ID()
    34:34:public android.widget.ListView getLst_complaintJC()
    37:38:public void setLst_complaintJC(android.widget.ListView)
    70:70:public java.lang.String getREG_NUM()
    94:94:public java.lang.String getINVOICE_STATUS()
com.ttl.model.Service_Booking_History_Parent:
    public int ID
    28:28:public java.lang.String getUserId()
    70:70:public int getID()
    74:75:public void setID(int)
    101:102:public void setDate_of_booking(java.lang.String)
com.ttl.model.SpareModel:
    private static final long serialVersionUID
    23:23:public java.lang.String getModelName()
    29:29:public java.lang.String getPartNumber()
    71:71:public boolean isSelected_state()
com.ttl.model.UserDetails:
    11:11:public static java.lang.String getMessage()
    15:16:public static void setMessage(java.lang.String)
    67:67:public static java.util.ArrayList getLst_amcParent()
    72:73:public static void setLst_amcParent(java.util.ArrayList)
    76:76:public static java.util.ArrayList getLst_agreeParent()
    81:82:public static void setLst_agreeParent(java.util.ArrayList)
    165:165:public static java.lang.String getDistrict()
    181:181:public static java.lang.String getPassword()
    205:205:public java.util.ArrayList getUserVehicleModel()
    209:210:public void setUserVehicleModel(java.util.ArrayList)
    250:250:public static java.lang.String getPreffered_dealer_latitude()
    258:258:public static java.lang.String getPreffered_dealer_longitude()